#
# A fatal error has been detected by the Java Runtime Environment:
#
#  EXCEPTION_ACCESS_VIOLATION (0xc0000005) at pc=0x00000000641fe1a0, pid=15056, tid=14200
#
# JRE version: Java(TM) SE Runtime Environment (9.0+11) (build 9.0.4+11)
# Java VM: Java HotSpot(TM) 64-Bit Server VM (9.0.4+11, mixed mode, tiered, compressed oops, g1 gc, windows-amd64)
# Problematic frame:
# C  [nvoglv64.dll+0x59e1a0]
#
# No core dump will be written. Minidumps are not enabled by default on client versions of Windows
#
# If you would like to submit a bug report, please visit:
#   http://bugreport.java.com/bugreport/crash.jsp
# The crash happened outside the Java Virtual Machine in native code.
# See problematic frame for where to report the bug.
#

---------------  S U M M A R Y ------------

Command Line: -javaagent:C:\Program Files\JetBrains\IntelliJ IDEA Community Edition 2017.3.4\lib\idea_rt.jar=61955:C:\Program Files\JetBrains\IntelliJ IDEA Community Edition 2017.3.4\bin -Dfile.encoding=UTF-8 org.lwjglb.game.Main

Host: Intel(R) Core(TM) i7-7700K CPU @ 4.20GHz, 8 cores, 15G,  Windows 10 , 64 bit Build 17134 (10.0.17134.1)
Time: Sun Jun 03 16:59:53 2018 W. Europe Daylight Time elapsed time: 0 seconds (0d 0h 0m 0s)

---------------  T H R E A D  ---------------

Current thread (0x000001e9ee6f3000):  JavaThread "GAME_LOOP_THREAD" [_thread_in_native, id=14200, stack(0x0000008fc5a00000,0x0000008fc5b00000)]

Stack: [0x0000008fc5a00000,0x0000008fc5b00000],  sp=0x0000008fc5afef10,  free space=1019k
Native frames: (J=compiled Java code, j=interpreted, Vv=VM code, C=native code)
C  [nvoglv64.dll+0x59e1a0]
C  0x000001e9d10e921c

Java frames: (J=compiled Java code, j=interpreted, Vv=VM code)
j  org.lwjgl.opengl.GL11.nglDrawElements(IIIJ)V+0
j  org.lwjgl.opengl.GL11.glDrawElements(IIIJ)V+4
j  org.lwjglb.engine.graph.Mesh.render()V+53
j  org.lwjglb.game.Renderer.render(Lorg/lwjglb/engine/Window;Lorg/lwjglb/engine/graph/Camera;[Lorg/lwjglb/engine/GameItem;)V+197
j  org.lwjglb.game.DummyGame.render(Lorg/lwjglb/engine/Window;)V+13
j  org.lwjglb.engine.GameEngine.render()V+8
j  org.lwjglb.engine.GameEngine.gameLoop()V+58
j  org.lwjglb.engine.GameEngine.run()V+5
j  java.lang.Thread.run()V+11 java.base@9.0.4
v  ~StubRoutines::call_stub

siginfo: EXCEPTION_ACCESS_VIOLATION (0xc0000005), reading address 0x0000000000000000


Register to memory mapping:

RIP=0x00000000641fe1a0 nvoglv64.dll
RAX=0x0000000000000000 is an unknown value
RBX=0x0000000000000000 is an unknown value
RCX=0x00000000fffffffe is an unknown value
RDX=0x000001e9efe91d00 is an unknown value
RSP=0x0000008fc5afef10 is pointing into the stack for thread: 0x000001e9ee6f3000
RBP=0x0000000000000074 is an unknown value
RSI=0x0000000000000012 is an unknown value
RDI=0x000001e9f097b080 is an unknown value
R8 =0x0000000000000002 is an unknown value
R9 =0x0000000000000048 is an unknown value
R10=0x000001e9efe91ce4 is an unknown value
R11=0x000001e9efe91cfc is an unknown value
R12=0x0000000000000000 is an unknown value
R13=0x000001e9efe91d00 is an unknown value
R14=0x0000000000000000 is an unknown value
R15=0x0000000000000002 is an unknown value


Registers:
RAX=0x0000000000000000, RBX=0x0000000000000000, RCX=0x00000000fffffffe, RDX=0x000001e9efe91d00
RSP=0x0000008fc5afef10, RBP=0x0000000000000074, RSI=0x0000000000000012, RDI=0x000001e9f097b080
R8 =0x0000000000000002, R9 =0x0000000000000048, R10=0x000001e9efe91ce4, R11=0x000001e9efe91cfc
R12=0x0000000000000000, R13=0x000001e9efe91d00, R14=0x0000000000000000, R15=0x0000000000000002
RIP=0x00000000641fe1a0, EFLAGS=0x0000000000010293

Top of Stack: (sp=0x0000008fc5afef10)
0x0000008fc5afef10:   000001e9ee6f3000 000001e9ee6e2790
0x0000008fc5afef20:   000001e9ee0e1e50 0000000066628b00
0x0000008fc5afef30:   0000008fc5aff6d8 000001e9ee0e1d90
0x0000008fc5afef40:   000001e9ee1e1540 00000000000003d8
0x0000008fc5afef50:   000001e9f916c2e8 000001e9ee6f3000
0x0000008fc5afef60:   0000000000000000 0000000000000000
0x0000008fc5afef70:   0000008fc5aff070 000001e9f916c2e8
0x0000008fc5afef80:   0000000000000000 000001e9d10db603
0x0000008fc5afef90:   0000000000000000 000001e9d10e921c
0x0000008fc5afefa0:   0000008fc5aff030 000001e900000048
0x0000008fc5afefb0:   000001e9ee6f3000 000001e9f916c2e8
0x0000008fc5afefc0:   000001e900001405 0000000000000000
0x0000008fc5afefd0:   0000000000000000 0000000000000000
0x0000008fc5afefe0:   000001e9d10e8ed3 0000008fc5afefe8
0x0000008fc5afeff0:   000001e9f916c2e8 0000008fc5aff070
0x0000008fc5aff000:   000001e9f91927b8 0000000000000000 

Instructions: (pc=0x00000000641fe1a0)
0x00000000641fe180:   6f 2d 1a 1e 3d 01 66 0f 6f 5c 24 50 c1 e9 03 ff
0x00000000641fe190:   c1 44 8b f9 f7 d9 45 8d 04 c8 66 0f 1f 44 00 00
0x00000000641fe1a0:   f3 0f 6f 10 f3 0f 6f 48 10 66 0f 6f c2 66 0f eb
0x00000000641fe1b0:   c3 48 83 c0 20 66 0f 6f d8 66 0f eb d9 0f 18 00 



---------------  P R O C E S S  ---------------

Java Threads: ( => current thread )
  0x000001e9c512e000 JavaThread "DestroyJavaVM" [_thread_blocked, id=11016, stack(0x0000008fc3700000,0x0000008fc3800000)]
=>0x000001e9ee6f3000 JavaThread "GAME_LOOP_THREAD" [_thread_in_native, id=14200, stack(0x0000008fc5a00000,0x0000008fc5b00000)]
  0x000001e9ee528800 JavaThread "Service Thread" daemon [_thread_blocked, id=4756, stack(0x0000008fc5800000,0x0000008fc5900000)]
  0x000001e9ee527800 JavaThread "Monitor Ctrl-Break" daemon [_thread_in_native, id=8988, stack(0x0000008fc5700000,0x0000008fc5800000)]
  0x000001e9edfd7800 JavaThread "Common-Cleaner" daemon [_thread_blocked, id=9164, stack(0x0000008fc5600000,0x0000008fc5700000)]
  0x000001e9edf26800 JavaThread "Sweeper thread" daemon [_thread_blocked, id=8644, stack(0x0000008fc5500000,0x0000008fc5600000)]
  0x000001e9edf11800 JavaThread "C1 CompilerThread3" daemon [_thread_blocked, id=8548, stack(0x0000008fc5400000,0x0000008fc5500000)]
  0x000001e9edf0d000 JavaThread "C2 CompilerThread2" daemon [_thread_blocked, id=14600, stack(0x0000008fc5300000,0x0000008fc5400000)]
  0x000001e9ed68d000 JavaThread "C2 CompilerThread1" daemon [_thread_in_native, id=11120, stack(0x0000008fc5200000,0x0000008fc5300000)]
  0x000001e9ed688000 JavaThread "C2 CompilerThread0" daemon [_thread_blocked, id=13928, stack(0x0000008fc5100000,0x0000008fc5200000)]
  0x000001e9edefa000 JavaThread "Attach Listener" daemon [_thread_blocked, id=9660, stack(0x0000008fc5000000,0x0000008fc5100000)]
  0x000001e9edef9800 JavaThread "Signal Dispatcher" daemon [_thread_blocked, id=4320, stack(0x0000008fc4f00000,0x0000008fc5000000)]
  0x000001e9edeaa000 JavaThread "Finalizer" daemon [_thread_blocked, id=12184, stack(0x0000008fc4e00000,0x0000008fc4f00000)]
  0x000001e9ede93800 JavaThread "Reference Handler" daemon [_thread_blocked, id=4504, stack(0x0000008fc4d00000,0x0000008fc4e00000)]

Other Threads:
  0x000001e9ede91000 VMThread "VM Thread" [stack: 0x0000008fc4c00000,0x0000008fc4d00000] [id=10104]
  0x000001e9ee54d000 WatcherThread [stack: 0x0000008fc5900000,0x0000008fc5a00000] [id=5156]
  0x000001e9c5145000 GCTaskThread "GC Thread#0" [stack: 0x0000008fc3800000,0x0000008fc3900000] [id=504]
  0x000001e9c5146800 GCTaskThread "GC Thread#1" [stack: 0x0000008fc3900000,0x0000008fc3a00000] [id=8572]
  0x000001e9c5149000 GCTaskThread "GC Thread#2" [stack: 0x0000008fc3a00000,0x0000008fc3b00000] [id=6956]
  0x000001e9c514b800 GCTaskThread "GC Thread#3" [stack: 0x0000008fc3b00000,0x0000008fc3c00000] [id=9948]
  0x000001e9c514f000 GCTaskThread "GC Thread#4" [stack: 0x0000008fc3c00000,0x0000008fc3d00000] [id=9728]
  0x000001e9c5158000 GCTaskThread "GC Thread#5" [stack: 0x0000008fc3d00000,0x0000008fc3e00000] [id=10136]
  0x000001e9c515d000 GCTaskThread "GC Thread#6" [stack: 0x0000008fc3e00000,0x0000008fc3f00000] [id=14368]
  0x000001e9c515d800 GCTaskThread "GC Thread#7" [stack: 0x0000008fc3f00000,0x0000008fc4000000] [id=2820]
  0x000001e9c51d0000 ConcurrentGCThread "G1 Main Marker" [stack: 0x0000008fc4900000,0x0000008fc4a00000] [id=9320]
  0x000001e9c51d2800 ConcurrentGCThread "G1 Marker#0" [stack: 0x0000008fc4a00000,0x0000008fc4b00000] [id=3420]
  0x000001e9c51d3800 ConcurrentGCThread "G1 Marker#1" [stack: 0x0000008fc4b00000,0x0000008fc4c00000] [id=15620]
  0x000001e9c5187000 ConcurrentGCThread "G1 Refine#0" [stack: 0x0000008fc4700000,0x0000008fc4800000] [id=3304]
  0x000001e9c5182800 ConcurrentGCThread "G1 Refine#1" [stack: 0x0000008fc4600000,0x0000008fc4700000] [id=4556]
  0x000001e9c517d800 ConcurrentGCThread "G1 Refine#2" [stack: 0x0000008fc4500000,0x0000008fc4600000] [id=15024]
  0x000001e9c517c800 ConcurrentGCThread "G1 Refine#3" [stack: 0x0000008fc4400000,0x0000008fc4500000] [id=952]
  0x000001e9c5178000 ConcurrentGCThread "G1 Refine#4" [stack: 0x0000008fc4300000,0x0000008fc4400000] [id=15312]
  0x000001e9c516f800 ConcurrentGCThread "G1 Refine#5" [stack: 0x0000008fc4200000,0x0000008fc4300000] [id=11320]
  0x000001e9c516c800 ConcurrentGCThread "G1 Refine#6" [stack: 0x0000008fc4100000,0x0000008fc4200000] [id=14564]
  0x000001e9c5168800 ConcurrentGCThread "G1 Refine#7" [stack: 0x0000008fc4000000,0x0000008fc4100000] [id=7088]
  0x000001e9c518b000 ConcurrentGCThread "G1 Young RemSet Sampling" [stack: 0x0000008fc4800000,0x0000008fc4900000] [id=14660]

Threads with active compile tasks:
C2 CompilerThread1 811   !   4       jdk.internal.loader.URLClassPath$JarLoader::getResource (353 bytes)

VM state:not at safepoint (normal execution)

VM Mutex/Monitor currently owned by a thread: None

Heap address: 0x00000006c0a00000, size: 4086 MB, Compressed Oops mode: Zero based, Oop shift amount: 3
Narrow klass base: 0x0000000000000000, Narrow klass shift: 3
Compressed class space size: 1073741824 Address: 0x00000007c0000000

Heap:
 garbage-first heap   total 262144K, used 19559K [0x00000006c0a00000, 0x00000006c0b00800, 0x00000007c0000000)
  region size 1024K, 20 young (20480K), 3 survivors (3072K)
 Metaspace       used 13578K, capacity 13847K, committed 13952K, reserved 1062912K
  class space    used 1011K, capacity 1107K, committed 1152K, reserved 1048576K
Heap Regions: E=young(eden), S=young(survivor), O=old, HS=humongous(starts), HC=humongous(continues), CS=collection set, F=free, A=archive, TS=gc time stamp, AC=allocation context, TAMS=top-at-mark-start (previous, next)
|   0|0x00000006c0a00000, 0x00000006c0a19e00, 0x00000006c0b00000| 10%| O|  |TS  1|AC  0|TAMS 0x00000006c0a00000, 0x00000006c0a00000|
|   1|0x00000006c0b00000, 0x00000006c0b00000, 0x00000006c0c00000|  0%| F|  |TS  0|AC  0|TAMS 0x00000006c0b00000, 0x00000006c0b00000|
|   2|0x00000006c0c00000, 0x00000006c0c00000, 0x00000006c0d00000|  0%| F|  |TS  0|AC  0|TAMS 0x00000006c0c00000, 0x00000006c0c00000|
|   3|0x00000006c0d00000, 0x00000006c0d00000, 0x00000006c0e00000|  0%| F|  |TS  0|AC  0|TAMS 0x00000006c0d00000, 0x00000006c0d00000|
|   4|0x00000006c0e00000, 0x00000006c0e00000, 0x00000006c0f00000|  0%| F|  |TS  0|AC  0|TAMS 0x00000006c0e00000, 0x00000006c0e00000|
|   5|0x00000006c0f00000, 0x00000006c0f00000, 0x00000006c1000000|  0%| F|  |TS  0|AC  0|TAMS 0x00000006c0f00000, 0x00000006c0f00000|
|   6|0x00000006c1000000, 0x00000006c1000000, 0x00000006c1100000|  0%| F|  |TS  0|AC  0|TAMS 0x00000006c1000000, 0x00000006c1000000|
|   7|0x00000006c1100000, 0x00000006c1100000, 0x00000006c1200000|  0%| F|  |TS  0|AC  0|TAMS 0x00000006c1100000, 0x00000006c1100000|
|   8|0x00000006c1200000, 0x00000006c1200000, 0x00000006c1300000|  0%| F|  |TS  0|AC  0|TAMS 0x00000006c1200000, 0x00000006c1200000|
|   9|0x00000006c1300000, 0x00000006c1300000, 0x00000006c1400000|  0%| F|  |TS  0|AC  0|TAMS 0x00000006c1300000, 0x00000006c1300000|
|  10|0x00000006c1400000, 0x00000006c1400000, 0x00000006c1500000|  0%| F|  |TS  0|AC  0|TAMS 0x00000006c1400000, 0x00000006c1400000|
|  11|0x00000006c1500000, 0x00000006c1500000, 0x00000006c1600000|  0%| F|  |TS  0|AC  0|TAMS 0x00000006c1500000, 0x00000006c1500000|
|  12|0x00000006c1600000, 0x00000006c1600000, 0x00000006c1700000|  0%| F|  |TS  0|AC  0|TAMS 0x00000006c1600000, 0x00000006c1600000|
|  13|0x00000006c1700000, 0x00000006c1700000, 0x00000006c1800000|  0%| F|  |TS  0|AC  0|TAMS 0x00000006c1700000, 0x00000006c1700000|
|  14|0x00000006c1800000, 0x00000006c1800000, 0x00000006c1900000|  0%| F|  |TS  0|AC  0|TAMS 0x00000006c1800000, 0x00000006c1800000|
|  15|0x00000006c1900000, 0x00000006c1900000, 0x00000006c1a00000|  0%| F|  |TS  0|AC  0|TAMS 0x00000006c1900000, 0x00000006c1900000|
|  16|0x00000006c1a00000, 0x00000006c1a00000, 0x00000006c1b00000|  0%| F|  |TS  0|AC  0|TAMS 0x00000006c1a00000, 0x00000006c1a00000|
|  17|0x00000006c1b00000, 0x00000006c1b00000, 0x00000006c1c00000|  0%| F|  |TS  0|AC  0|TAMS 0x00000006c1b00000, 0x00000006c1b00000|
|  18|0x00000006c1c00000, 0x00000006c1c00000, 0x00000006c1d00000|  0%| F|  |TS  0|AC  0|TAMS 0x00000006c1c00000, 0x00000006c1c00000|
|  19|0x00000006c1d00000, 0x00000006c1d00000, 0x00000006c1e00000|  0%| F|  |TS  0|AC  0|TAMS 0x00000006c1d00000, 0x00000006c1d00000|
|  20|0x00000006c1e00000, 0x00000006c1e00000, 0x00000006c1f00000|  0%| F|  |TS  0|AC  0|TAMS 0x00000006c1e00000, 0x00000006c1e00000|
|  21|0x00000006c1f00000, 0x00000006c1f00000, 0x00000006c2000000|  0%| F|  |TS  0|AC  0|TAMS 0x00000006c1f00000, 0x00000006c1f00000|
|  22|0x00000006c2000000, 0x00000006c2000000, 0x00000006c2100000|  0%| F|  |TS  0|AC  0|TAMS 0x00000006c2000000, 0x00000006c2000000|
|  23|0x00000006c2100000, 0x00000006c2100000, 0x00000006c2200000|  0%| F|  |TS  0|AC  0|TAMS 0x00000006c2100000, 0x00000006c2100000|
|  24|0x00000006c2200000, 0x00000006c2200000, 0x00000006c2300000|  0%| F|  |TS  0|AC  0|TAMS 0x00000006c2200000, 0x00000006c2200000|
|  25|0x00000006c2300000, 0x00000006c2300000, 0x00000006c2400000|  0%| F|  |TS  0|AC  0|TAMS 0x00000006c2300000, 0x00000006c2300000|
|  26|0x00000006c2400000, 0x00000006c2400000, 0x00000006c2500000|  0%| F|  |TS  0|AC  0|TAMS 0x00000006c2400000, 0x00000006c2400000|
|  27|0x00000006c2500000, 0x00000006c2500000, 0x00000006c2600000|  0%| F|  |TS  0|AC  0|TAMS 0x00000006c2500000, 0x00000006c2500000|
|  28|0x00000006c2600000, 0x00000006c2600000, 0x00000006c2700000|  0%| F|  |TS  0|AC  0|TAMS 0x00000006c2600000, 0x00000006c2600000|
|  29|0x00000006c2700000, 0x00000006c2700000, 0x00000006c2800000|  0%| F|  |TS  0|AC  0|TAMS 0x00000006c2700000, 0x00000006c2700000|
|  30|0x00000006c2800000, 0x00000006c2800000, 0x00000006c2900000|  0%| F|  |TS  0|AC  0|TAMS 0x00000006c2800000, 0x00000006c2800000|
|  31|0x00000006c2900000, 0x00000006c2900000, 0x00000006c2a00000|  0%| F|  |TS  0|AC  0|TAMS 0x00000006c2900000, 0x00000006c2900000|
|  32|0x00000006c2a00000, 0x00000006c2a00000, 0x00000006c2b00000|  0%| F|  |TS  0|AC  0|TAMS 0x00000006c2a00000, 0x00000006c2a00000|
|  33|0x00000006c2b00000, 0x00000006c2b00000, 0x00000006c2c00000|  0%| F|  |TS  0|AC  0|TAMS 0x00000006c2b00000, 0x00000006c2b00000|
|  34|0x00000006c2c00000, 0x00000006c2c00000, 0x00000006c2d00000|  0%| F|  |TS  0|AC  0|TAMS 0x00000006c2c00000, 0x00000006c2c00000|
|  35|0x00000006c2d00000, 0x00000006c2d00000, 0x00000006c2e00000|  0%| F|  |TS  0|AC  0|TAMS 0x00000006c2d00000, 0x00000006c2d00000|
|  36|0x00000006c2e00000, 0x00000006c2e00000, 0x00000006c2f00000|  0%| F|  |TS  0|AC  0|TAMS 0x00000006c2e00000, 0x00000006c2e00000|
|  37|0x00000006c2f00000, 0x00000006c2f00000, 0x00000006c3000000|  0%| F|  |TS  0|AC  0|TAMS 0x00000006c2f00000, 0x00000006c2f00000|
|  38|0x00000006c3000000, 0x00000006c3000000, 0x00000006c3100000|  0%| F|  |TS  0|AC  0|TAMS 0x00000006c3000000, 0x00000006c3000000|
|  39|0x00000006c3100000, 0x00000006c3100000, 0x00000006c3200000|  0%| F|  |TS  0|AC  0|TAMS 0x00000006c3100000, 0x00000006c3100000|
|  40|0x00000006c3200000, 0x00000006c3200000, 0x00000006c3300000|  0%| F|  |TS  0|AC  0|TAMS 0x00000006c3200000, 0x00000006c3200000|
|  41|0x00000006c3300000, 0x00000006c3300000, 0x00000006c3400000|  0%| F|  |TS  0|AC  0|TAMS 0x00000006c3300000, 0x00000006c3300000|
|  42|0x00000006c3400000, 0x00000006c3400000, 0x00000006c3500000|  0%| F|  |TS  0|AC  0|TAMS 0x00000006c3400000, 0x00000006c3400000|
|  43|0x00000006c3500000, 0x00000006c3500000, 0x00000006c3600000|  0%| F|  |TS  0|AC  0|TAMS 0x00000006c3500000, 0x00000006c3500000|
|  44|0x00000006c3600000, 0x00000006c3600000, 0x00000006c3700000|  0%| F|  |TS  0|AC  0|TAMS 0x00000006c3600000, 0x00000006c3600000|
|  45|0x00000006c3700000, 0x00000006c3700000, 0x00000006c3800000|  0%| F|  |TS  0|AC  0|TAMS 0x00000006c3700000, 0x00000006c3700000|
|  46|0x00000006c3800000, 0x00000006c3800000, 0x00000006c3900000|  0%| F|  |TS  0|AC  0|TAMS 0x00000006c3800000, 0x00000006c3800000|
|  47|0x00000006c3900000, 0x00000006c3900000, 0x00000006c3a00000|  0%| F|  |TS  0|AC  0|TAMS 0x00000006c3900000, 0x00000006c3900000|
|  48|0x00000006c3a00000, 0x00000006c3a00000, 0x00000006c3b00000|  0%| F|  |TS  0|AC  0|TAMS 0x00000006c3a00000, 0x00000006c3a00000|
|  49|0x00000006c3b00000, 0x00000006c3b00000, 0x00000006c3c00000|  0%| F|  |TS  0|AC  0|TAMS 0x00000006c3b00000, 0x00000006c3b00000|
|  50|0x00000006c3c00000, 0x00000006c3c00000, 0x00000006c3d00000|  0%| F|  |TS  0|AC  0|TAMS 0x00000006c3c00000, 0x00000006c3c00000|
|  51|0x00000006c3d00000, 0x00000006c3d00000, 0x00000006c3e00000|  0%| F|  |TS  0|AC  0|TAMS 0x00000006c3d00000, 0x00000006c3d00000|
|  52|0x00000006c3e00000, 0x00000006c3e00000, 0x00000006c3f00000|  0%| F|  |TS  0|AC  0|TAMS 0x00000006c3e00000, 0x00000006c3e00000|
|  53|0x00000006c3f00000, 0x00000006c3f00000, 0x00000006c4000000|  0%| F|  |TS  0|AC  0|TAMS 0x00000006c3f00000, 0x00000006c3f00000|
|  54|0x00000006c4000000, 0x00000006c4000000, 0x00000006c4100000|  0%| F|  |TS  0|AC  0|TAMS 0x00000006c4000000, 0x00000006c4000000|
|  55|0x00000006c4100000, 0x00000006c4100000, 0x00000006c4200000|  0%| F|  |TS  0|AC  0|TAMS 0x00000006c4100000, 0x00000006c4100000|
|  56|0x00000006c4200000, 0x00000006c4200000, 0x00000006c4300000|  0%| F|  |TS  0|AC  0|TAMS 0x00000006c4200000, 0x00000006c4200000|
|  57|0x00000006c4300000, 0x00000006c4300000, 0x00000006c4400000|  0%| F|  |TS  0|AC  0|TAMS 0x00000006c4300000, 0x00000006c4300000|
|  58|0x00000006c4400000, 0x00000006c4400000, 0x00000006c4500000|  0%| F|  |TS  0|AC  0|TAMS 0x00000006c4400000, 0x00000006c4400000|
|  59|0x00000006c4500000, 0x00000006c4500000, 0x00000006c4600000|  0%| F|  |TS  0|AC  0|TAMS 0x00000006c4500000, 0x00000006c4500000|
|  60|0x00000006c4600000, 0x00000006c4600000, 0x00000006c4700000|  0%| F|  |TS  0|AC  0|TAMS 0x00000006c4600000, 0x00000006c4600000|
|  61|0x00000006c4700000, 0x00000006c4700000, 0x00000006c4800000|  0%| F|  |TS  0|AC  0|TAMS 0x00000006c4700000, 0x00000006c4700000|
|  62|0x00000006c4800000, 0x00000006c4800000, 0x00000006c4900000|  0%| F|  |TS  0|AC  0|TAMS 0x00000006c4800000, 0x00000006c4800000|
|  63|0x00000006c4900000, 0x00000006c4900000, 0x00000006c4a00000|  0%| F|  |TS  0|AC  0|TAMS 0x00000006c4900000, 0x00000006c4900000|
|  64|0x00000006c4a00000, 0x00000006c4a00000, 0x00000006c4b00000|  0%| F|  |TS  0|AC  0|TAMS 0x00000006c4a00000, 0x00000006c4a00000|
|  65|0x00000006c4b00000, 0x00000006c4b00000, 0x00000006c4c00000|  0%| F|  |TS  0|AC  0|TAMS 0x00000006c4b00000, 0x00000006c4b00000|
|  66|0x00000006c4c00000, 0x00000006c4c00000, 0x00000006c4d00000|  0%| F|  |TS  0|AC  0|TAMS 0x00000006c4c00000, 0x00000006c4c00000|
|  67|0x00000006c4d00000, 0x00000006c4d00000, 0x00000006c4e00000|  0%| F|  |TS  0|AC  0|TAMS 0x00000006c4d00000, 0x00000006c4d00000|
|  68|0x00000006c4e00000, 0x00000006c4e00000, 0x00000006c4f00000|  0%| F|  |TS  0|AC  0|TAMS 0x00000006c4e00000, 0x00000006c4e00000|
|  69|0x00000006c4f00000, 0x00000006c4f00000, 0x00000006c5000000|  0%| F|  |TS  0|AC  0|TAMS 0x00000006c4f00000, 0x00000006c4f00000|
|  70|0x00000006c5000000, 0x00000006c5000000, 0x00000006c5100000|  0%| F|  |TS  0|AC  0|TAMS 0x00000006c5000000, 0x00000006c5000000|
|  71|0x00000006c5100000, 0x00000006c5100000, 0x00000006c5200000|  0%| F|  |TS  0|AC  0|TAMS 0x00000006c5100000, 0x00000006c5100000|
|  72|0x00000006c5200000, 0x00000006c5200000, 0x00000006c5300000|  0%| F|  |TS  0|AC  0|TAMS 0x00000006c5200000, 0x00000006c5200000|
|  73|0x00000006c5300000, 0x00000006c5300000, 0x00000006c5400000|  0%| F|  |TS  0|AC  0|TAMS 0x00000006c5300000, 0x00000006c5300000|
|  74|0x00000006c5400000, 0x00000006c5400000, 0x00000006c5500000|  0%| F|  |TS  0|AC  0|TAMS 0x00000006c5400000, 0x00000006c5400000|
|  75|0x00000006c5500000, 0x00000006c5500000, 0x00000006c5600000|  0%| F|  |TS  0|AC  0|TAMS 0x00000006c5500000, 0x00000006c5500000|
|  76|0x00000006c5600000, 0x00000006c5600000, 0x00000006c5700000|  0%| F|  |TS  0|AC  0|TAMS 0x00000006c5600000, 0x00000006c5600000|
|  77|0x00000006c5700000, 0x00000006c5700000, 0x00000006c5800000|  0%| F|  |TS  0|AC  0|TAMS 0x00000006c5700000, 0x00000006c5700000|
|  78|0x00000006c5800000, 0x00000006c5800000, 0x00000006c5900000|  0%| F|  |TS  0|AC  0|TAMS 0x00000006c5800000, 0x00000006c5800000|
|  79|0x00000006c5900000, 0x00000006c5900000, 0x00000006c5a00000|  0%| F|  |TS  0|AC  0|TAMS 0x00000006c5900000, 0x00000006c5900000|
|  80|0x00000006c5a00000, 0x00000006c5a00000, 0x00000006c5b00000|  0%| F|  |TS  0|AC  0|TAMS 0x00000006c5a00000, 0x00000006c5a00000|
|  81|0x00000006c5b00000, 0x00000006c5b00000, 0x00000006c5c00000|  0%| F|  |TS  0|AC  0|TAMS 0x00000006c5b00000, 0x00000006c5b00000|
|  82|0x00000006c5c00000, 0x00000006c5c00000, 0x00000006c5d00000|  0%| F|  |TS  0|AC  0|TAMS 0x00000006c5c00000, 0x00000006c5c00000|
|  83|0x00000006c5d00000, 0x00000006c5d00000, 0x00000006c5e00000|  0%| F|  |TS  0|AC  0|TAMS 0x00000006c5d00000, 0x00000006c5d00000|
|  84|0x00000006c5e00000, 0x00000006c5e00000, 0x00000006c5f00000|  0%| F|  |TS  0|AC  0|TAMS 0x00000006c5e00000, 0x00000006c5e00000|
|  85|0x00000006c5f00000, 0x00000006c5f00000, 0x00000006c6000000|  0%| F|  |TS  0|AC  0|TAMS 0x00000006c5f00000, 0x00000006c5f00000|
|  86|0x00000006c6000000, 0x00000006c6000000, 0x00000006c6100000|  0%| F|  |TS  0|AC  0|TAMS 0x00000006c6000000, 0x00000006c6000000|
|  87|0x00000006c6100000, 0x00000006c6100000, 0x00000006c6200000|  0%| F|  |TS  0|AC  0|TAMS 0x00000006c6100000, 0x00000006c6100000|
|  88|0x00000006c6200000, 0x00000006c6200000, 0x00000006c6300000|  0%| F|  |TS  0|AC  0|TAMS 0x00000006c6200000, 0x00000006c6200000|
|  89|0x00000006c6300000, 0x00000006c6300000, 0x00000006c6400000|  0%| F|  |TS  0|AC  0|TAMS 0x00000006c6300000, 0x00000006c6300000|
|  90|0x00000006c6400000, 0x00000006c6400000, 0x00000006c6500000|  0%| F|  |TS  0|AC  0|TAMS 0x00000006c6400000, 0x00000006c6400000|
|  91|0x00000006c6500000, 0x00000006c6500000, 0x00000006c6600000|  0%| F|  |TS  0|AC  0|TAMS 0x00000006c6500000, 0x00000006c6500000|
|  92|0x00000006c6600000, 0x00000006c6600000, 0x00000006c6700000|  0%| F|  |TS  0|AC  0|TAMS 0x00000006c6600000, 0x00000006c6600000|
|  93|0x00000006c6700000, 0x00000006c6700000, 0x00000006c6800000|  0%| F|  |TS  0|AC  0|TAMS 0x00000006c6700000, 0x00000006c6700000|
|  94|0x00000006c6800000, 0x00000006c6800000, 0x00000006c6900000|  0%| F|  |TS  0|AC  0|TAMS 0x00000006c6800000, 0x00000006c6800000|
|  95|0x00000006c6900000, 0x00000006c6900000, 0x00000006c6a00000|  0%| F|  |TS  0|AC  0|TAMS 0x00000006c6900000, 0x00000006c6900000|
|  96|0x00000006c6a00000, 0x00000006c6a00000, 0x00000006c6b00000|  0%| F|  |TS  0|AC  0|TAMS 0x00000006c6a00000, 0x00000006c6a00000|
|  97|0x00000006c6b00000, 0x00000006c6b00000, 0x00000006c6c00000|  0%| F|  |TS  0|AC  0|TAMS 0x00000006c6b00000, 0x00000006c6b00000|
|  98|0x00000006c6c00000, 0x00000006c6c00000, 0x00000006c6d00000|  0%| F|  |TS  0|AC  0|TAMS 0x00000006c6c00000, 0x00000006c6c00000|
|  99|0x00000006c6d00000, 0x00000006c6d00000, 0x00000006c6e00000|  0%| F|  |TS  0|AC  0|TAMS 0x00000006c6d00000, 0x00000006c6d00000|
| 100|0x00000006c6e00000, 0x00000006c6e00000, 0x00000006c6f00000|  0%| F|  |TS  0|AC  0|TAMS 0x00000006c6e00000, 0x00000006c6e00000|
| 101|0x00000006c6f00000, 0x00000006c6f00000, 0x00000006c7000000|  0%| F|  |TS  0|AC  0|TAMS 0x00000006c6f00000, 0x00000006c6f00000|
| 102|0x00000006c7000000, 0x00000006c7000000, 0x00000006c7100000|  0%| F|  |TS  0|AC  0|TAMS 0x00000006c7000000, 0x00000006c7000000|
| 103|0x00000006c7100000, 0x00000006c7100000, 0x00000006c7200000|  0%| F|  |TS  0|AC  0|TAMS 0x00000006c7100000, 0x00000006c7100000|
| 104|0x00000006c7200000, 0x00000006c7200000, 0x00000006c7300000|  0%| F|  |TS  0|AC  0|TAMS 0x00000006c7200000, 0x00000006c7200000|
| 105|0x00000006c7300000, 0x00000006c7300000, 0x00000006c7400000|  0%| F|  |TS  0|AC  0|TAMS 0x00000006c7300000, 0x00000006c7300000|
| 106|0x00000006c7400000, 0x00000006c7400000, 0x00000006c7500000|  0%| F|  |TS  0|AC  0|TAMS 0x00000006c7400000, 0x00000006c7400000|
| 107|0x00000006c7500000, 0x00000006c7500000, 0x00000006c7600000|  0%| F|  |TS  0|AC  0|TAMS 0x00000006c7500000, 0x00000006c7500000|
| 108|0x00000006c7600000, 0x00000006c7600000, 0x00000006c7700000|  0%| F|  |TS  0|AC  0|TAMS 0x00000006c7600000, 0x00000006c7600000|
| 109|0x00000006c7700000, 0x00000006c7700000, 0x00000006c7800000|  0%| F|  |TS  0|AC  0|TAMS 0x00000006c7700000, 0x00000006c7700000|
| 110|0x00000006c7800000, 0x00000006c7800000, 0x00000006c7900000|  0%| F|  |TS  0|AC  0|TAMS 0x00000006c7800000, 0x00000006c7800000|
| 111|0x00000006c7900000, 0x00000006c7900000, 0x00000006c7a00000|  0%| F|  |TS  0|AC  0|TAMS 0x00000006c7900000, 0x00000006c7900000|
| 112|0x00000006c7a00000, 0x00000006c7a00000, 0x00000006c7b00000|  0%| F|  |TS  0|AC  0|TAMS 0x00000006c7a00000, 0x00000006c7a00000|
| 113|0x00000006c7b00000, 0x00000006c7b00000, 0x00000006c7c00000|  0%| F|  |TS  0|AC  0|TAMS 0x00000006c7b00000, 0x00000006c7b00000|
| 114|0x00000006c7c00000, 0x00000006c7c00000, 0x00000006c7d00000|  0%| F|  |TS  0|AC  0|TAMS 0x00000006c7c00000, 0x00000006c7c00000|
| 115|0x00000006c7d00000, 0x00000006c7d00000, 0x00000006c7e00000|  0%| F|  |TS  0|AC  0|TAMS 0x00000006c7d00000, 0x00000006c7d00000|
| 116|0x00000006c7e00000, 0x00000006c7e00000, 0x00000006c7f00000|  0%| F|  |TS  0|AC  0|TAMS 0x00000006c7e00000, 0x00000006c7e00000|
| 117|0x00000006c7f00000, 0x00000006c7f00000, 0x00000006c8000000|  0%| F|  |TS  0|AC  0|TAMS 0x00000006c7f00000, 0x00000006c7f00000|
| 118|0x00000006c8000000, 0x00000006c8000000, 0x00000006c8100000|  0%| F|  |TS  0|AC  0|TAMS 0x00000006c8000000, 0x00000006c8000000|
| 119|0x00000006c8100000, 0x00000006c8100000, 0x00000006c8200000|  0%| F|  |TS  0|AC  0|TAMS 0x00000006c8100000, 0x00000006c8100000|
| 120|0x00000006c8200000, 0x00000006c8200000, 0x00000006c8300000|  0%| F|  |TS  0|AC  0|TAMS 0x00000006c8200000, 0x00000006c8200000|
| 121|0x00000006c8300000, 0x00000006c8300000, 0x00000006c8400000|  0%| F|  |TS  0|AC  0|TAMS 0x00000006c8300000, 0x00000006c8300000|
| 122|0x00000006c8400000, 0x00000006c8400000, 0x00000006c8500000|  0%| F|  |TS  0|AC  0|TAMS 0x00000006c8400000, 0x00000006c8400000|
| 123|0x00000006c8500000, 0x00000006c8500000, 0x00000006c8600000|  0%| F|  |TS  0|AC  0|TAMS 0x00000006c8500000, 0x00000006c8500000|
| 124|0x00000006c8600000, 0x00000006c8600000, 0x00000006c8700000|  0%| F|  |TS  0|AC  0|TAMS 0x00000006c8600000, 0x00000006c8600000|
| 125|0x00000006c8700000, 0x00000006c8700000, 0x00000006c8800000|  0%| F|  |TS  0|AC  0|TAMS 0x00000006c8700000, 0x00000006c8700000|
| 126|0x00000006c8800000, 0x00000006c8800000, 0x00000006c8900000|  0%| F|  |TS  0|AC  0|TAMS 0x00000006c8800000, 0x00000006c8800000|
| 127|0x00000006c8900000, 0x00000006c8900000, 0x00000006c8a00000|  0%| F|  |TS  0|AC  0|TAMS 0x00000006c8900000, 0x00000006c8900000|
| 128|0x00000006c8a00000, 0x00000006c8a00000, 0x00000006c8b00000|  0%| F|  |TS  0|AC  0|TAMS 0x00000006c8a00000, 0x00000006c8a00000|
| 129|0x00000006c8b00000, 0x00000006c8b00000, 0x00000006c8c00000|  0%| F|  |TS  0|AC  0|TAMS 0x00000006c8b00000, 0x00000006c8b00000|
| 130|0x00000006c8c00000, 0x00000006c8c00000, 0x00000006c8d00000|  0%| F|  |TS  0|AC  0|TAMS 0x00000006c8c00000, 0x00000006c8c00000|
| 131|0x00000006c8d00000, 0x00000006c8d00000, 0x00000006c8e00000|  0%| F|  |TS  0|AC  0|TAMS 0x00000006c8d00000, 0x00000006c8d00000|
| 132|0x00000006c8e00000, 0x00000006c8e00000, 0x00000006c8f00000|  0%| F|  |TS  0|AC  0|TAMS 0x00000006c8e00000, 0x00000006c8e00000|
| 133|0x00000006c8f00000, 0x00000006c8f00000, 0x00000006c9000000|  0%| F|  |TS  0|AC  0|TAMS 0x00000006c8f00000, 0x00000006c8f00000|
| 134|0x00000006c9000000, 0x00000006c9000000, 0x00000006c9100000|  0%| F|  |TS  0|AC  0|TAMS 0x00000006c9000000, 0x00000006c9000000|
| 135|0x00000006c9100000, 0x00000006c9100000, 0x00000006c9200000|  0%| F|  |TS  0|AC  0|TAMS 0x00000006c9100000, 0x00000006c9100000|
| 136|0x00000006c9200000, 0x00000006c9200000, 0x00000006c9300000|  0%| F|  |TS  0|AC  0|TAMS 0x00000006c9200000, 0x00000006c9200000|
| 137|0x00000006c9300000, 0x00000006c9300000, 0x00000006c9400000|  0%| F|  |TS  0|AC  0|TAMS 0x00000006c9300000, 0x00000006c9300000|
| 138|0x00000006c9400000, 0x00000006c9400000, 0x00000006c9500000|  0%| F|  |TS  0|AC  0|TAMS 0x00000006c9400000, 0x00000006c9400000|
| 139|0x00000006c9500000, 0x00000006c9500000, 0x00000006c9600000|  0%| F|  |TS  0|AC  0|TAMS 0x00000006c9500000, 0x00000006c9500000|
| 140|0x00000006c9600000, 0x00000006c9600000, 0x00000006c9700000|  0%| F|  |TS  0|AC  0|TAMS 0x00000006c9600000, 0x00000006c9600000|
| 141|0x00000006c9700000, 0x00000006c9700000, 0x00000006c9800000|  0%| F|  |TS  0|AC  0|TAMS 0x00000006c9700000, 0x00000006c9700000|
| 142|0x00000006c9800000, 0x00000006c9800000, 0x00000006c9900000|  0%| F|  |TS  0|AC  0|TAMS 0x00000006c9800000, 0x00000006c9800000|
| 143|0x00000006c9900000, 0x00000006c9900000, 0x00000006c9a00000|  0%| F|  |TS  0|AC  0|TAMS 0x00000006c9900000, 0x00000006c9900000|
| 144|0x00000006c9a00000, 0x00000006c9a00000, 0x00000006c9b00000|  0%| F|  |TS  0|AC  0|TAMS 0x00000006c9a00000, 0x00000006c9a00000|
| 145|0x00000006c9b00000, 0x00000006c9b00000, 0x00000006c9c00000|  0%| F|  |TS  0|AC  0|TAMS 0x00000006c9b00000, 0x00000006c9b00000|
| 146|0x00000006c9c00000, 0x00000006c9c00000, 0x00000006c9d00000|  0%| F|  |TS  0|AC  0|TAMS 0x00000006c9c00000, 0x00000006c9c00000|
| 147|0x00000006c9d00000, 0x00000006c9d00000, 0x00000006c9e00000|  0%| F|  |TS  0|AC  0|TAMS 0x00000006c9d00000, 0x00000006c9d00000|
| 148|0x00000006c9e00000, 0x00000006c9e00000, 0x00000006c9f00000|  0%| F|  |TS  0|AC  0|TAMS 0x00000006c9e00000, 0x00000006c9e00000|
| 149|0x00000006c9f00000, 0x00000006c9f00000, 0x00000006ca000000|  0%| F|  |TS  0|AC  0|TAMS 0x00000006c9f00000, 0x00000006c9f00000|
| 150|0x00000006ca000000, 0x00000006ca000000, 0x00000006ca100000|  0%| F|  |TS  0|AC  0|TAMS 0x00000006ca000000, 0x00000006ca000000|
| 151|0x00000006ca100000, 0x00000006ca100000, 0x00000006ca200000|  0%| F|  |TS  0|AC  0|TAMS 0x00000006ca100000, 0x00000006ca100000|
| 152|0x00000006ca200000, 0x00000006ca200000, 0x00000006ca300000|  0%| F|  |TS  0|AC  0|TAMS 0x00000006ca200000, 0x00000006ca200000|
| 153|0x00000006ca300000, 0x00000006ca300000, 0x00000006ca400000|  0%| F|  |TS  0|AC  0|TAMS 0x00000006ca300000, 0x00000006ca300000|
| 154|0x00000006ca400000, 0x00000006ca400000, 0x00000006ca500000|  0%| F|  |TS  0|AC  0|TAMS 0x00000006ca400000, 0x00000006ca400000|
| 155|0x00000006ca500000, 0x00000006ca500000, 0x00000006ca600000|  0%| F|  |TS  0|AC  0|TAMS 0x00000006ca500000, 0x00000006ca500000|
| 156|0x00000006ca600000, 0x00000006ca600000, 0x00000006ca700000|  0%| F|  |TS  0|AC  0|TAMS 0x00000006ca600000, 0x00000006ca600000|
| 157|0x00000006ca700000, 0x00000006ca700000, 0x00000006ca800000|  0%| F|  |TS  0|AC  0|TAMS 0x00000006ca700000, 0x00000006ca700000|
| 158|0x00000006ca800000, 0x00000006ca800000, 0x00000006ca900000|  0%| F|  |TS  0|AC  0|TAMS 0x00000006ca800000, 0x00000006ca800000|
| 159|0x00000006ca900000, 0x00000006ca900000, 0x00000006caa00000|  0%| F|  |TS  0|AC  0|TAMS 0x00000006ca900000, 0x00000006ca900000|
| 160|0x00000006caa00000, 0x00000006caa00000, 0x00000006cab00000|  0%| F|  |TS  0|AC  0|TAMS 0x00000006caa00000, 0x00000006caa00000|
| 161|0x00000006cab00000, 0x00000006cab00000, 0x00000006cac00000|  0%| F|  |TS  0|AC  0|TAMS 0x00000006cab00000, 0x00000006cab00000|
| 162|0x00000006cac00000, 0x00000006cac00000, 0x00000006cad00000|  0%| F|  |TS  0|AC  0|TAMS 0x00000006cac00000, 0x00000006cac00000|
| 163|0x00000006cad00000, 0x00000006cad00000, 0x00000006cae00000|  0%| F|  |TS  0|AC  0|TAMS 0x00000006cad00000, 0x00000006cad00000|
| 164|0x00000006cae00000, 0x00000006cae00000, 0x00000006caf00000|  0%| F|  |TS  0|AC  0|TAMS 0x00000006cae00000, 0x00000006cae00000|
| 165|0x00000006caf00000, 0x00000006caf00000, 0x00000006cb000000|  0%| F|  |TS  0|AC  0|TAMS 0x00000006caf00000, 0x00000006caf00000|
| 166|0x00000006cb000000, 0x00000006cb000000, 0x00000006cb100000|  0%| F|  |TS  0|AC  0|TAMS 0x00000006cb000000, 0x00000006cb000000|
| 167|0x00000006cb100000, 0x00000006cb100000, 0x00000006cb200000|  0%| F|  |TS  0|AC  0|TAMS 0x00000006cb100000, 0x00000006cb100000|
| 168|0x00000006cb200000, 0x00000006cb200000, 0x00000006cb300000|  0%| F|  |TS  0|AC  0|TAMS 0x00000006cb200000, 0x00000006cb200000|
| 169|0x00000006cb300000, 0x00000006cb300000, 0x00000006cb400000|  0%| F|  |TS  0|AC  0|TAMS 0x00000006cb300000, 0x00000006cb300000|
| 170|0x00000006cb400000, 0x00000006cb400000, 0x00000006cb500000|  0%| F|  |TS  0|AC  0|TAMS 0x00000006cb400000, 0x00000006cb400000|
| 171|0x00000006cb500000, 0x00000006cb500000, 0x00000006cb600000|  0%| F|  |TS  0|AC  0|TAMS 0x00000006cb500000, 0x00000006cb500000|
| 172|0x00000006cb600000, 0x00000006cb600000, 0x00000006cb700000|  0%| F|  |TS  0|AC  0|TAMS 0x00000006cb600000, 0x00000006cb600000|
| 173|0x00000006cb700000, 0x00000006cb700000, 0x00000006cb800000|  0%| F|  |TS  0|AC  0|TAMS 0x00000006cb700000, 0x00000006cb700000|
| 174|0x00000006cb800000, 0x00000006cb800000, 0x00000006cb900000|  0%| F|  |TS  0|AC  0|TAMS 0x00000006cb800000, 0x00000006cb800000|
| 175|0x00000006cb900000, 0x00000006cb900000, 0x00000006cba00000|  0%| F|  |TS  0|AC  0|TAMS 0x00000006cb900000, 0x00000006cb900000|
| 176|0x00000006cba00000, 0x00000006cba00000, 0x00000006cbb00000|  0%| F|  |TS  0|AC  0|TAMS 0x00000006cba00000, 0x00000006cba00000|
| 177|0x00000006cbb00000, 0x00000006cbb00000, 0x00000006cbc00000|  0%| F|  |TS  0|AC  0|TAMS 0x00000006cbb00000, 0x00000006cbb00000|
| 178|0x00000006cbc00000, 0x00000006cbc00000, 0x00000006cbd00000|  0%| F|  |TS  0|AC  0|TAMS 0x00000006cbc00000, 0x00000006cbc00000|
| 179|0x00000006cbd00000, 0x00000006cbd00000, 0x00000006cbe00000|  0%| F|  |TS  0|AC  0|TAMS 0x00000006cbd00000, 0x00000006cbd00000|
| 180|0x00000006cbe00000, 0x00000006cbe00000, 0x00000006cbf00000|  0%| F|  |TS  0|AC  0|TAMS 0x00000006cbe00000, 0x00000006cbe00000|
| 181|0x00000006cbf00000, 0x00000006cbf00000, 0x00000006cc000000|  0%| F|  |TS  0|AC  0|TAMS 0x00000006cbf00000, 0x00000006cbf00000|
| 182|0x00000006cc000000, 0x00000006cc000000, 0x00000006cc100000|  0%| F|  |TS  0|AC  0|TAMS 0x00000006cc000000, 0x00000006cc000000|
| 183|0x00000006cc100000, 0x00000006cc100000, 0x00000006cc200000|  0%| F|  |TS  0|AC  0|TAMS 0x00000006cc100000, 0x00000006cc100000|
| 184|0x00000006cc200000, 0x00000006cc200000, 0x00000006cc300000|  0%| F|  |TS  0|AC  0|TAMS 0x00000006cc200000, 0x00000006cc200000|
| 185|0x00000006cc300000, 0x00000006cc300000, 0x00000006cc400000|  0%| F|  |TS  0|AC  0|TAMS 0x00000006cc300000, 0x00000006cc300000|
| 186|0x00000006cc400000, 0x00000006cc400000, 0x00000006cc500000|  0%| F|  |TS  0|AC  0|TAMS 0x00000006cc400000, 0x00000006cc400000|
| 187|0x00000006cc500000, 0x00000006cc500000, 0x00000006cc600000|  0%| F|  |TS  0|AC  0|TAMS 0x00000006cc500000, 0x00000006cc500000|
| 188|0x00000006cc600000, 0x00000006cc600000, 0x00000006cc700000|  0%| F|  |TS  0|AC  0|TAMS 0x00000006cc600000, 0x00000006cc600000|
| 189|0x00000006cc700000, 0x00000006cc700000, 0x00000006cc800000|  0%| F|  |TS  0|AC  0|TAMS 0x00000006cc700000, 0x00000006cc700000|
| 190|0x00000006cc800000, 0x00000006cc800000, 0x00000006cc900000|  0%| F|  |TS  0|AC  0|TAMS 0x00000006cc800000, 0x00000006cc800000|
| 191|0x00000006cc900000, 0x00000006cc900000, 0x00000006cca00000|  0%| F|  |TS  0|AC  0|TAMS 0x00000006cc900000, 0x00000006cc900000|
| 192|0x00000006cca00000, 0x00000006cca00000, 0x00000006ccb00000|  0%| F|  |TS  0|AC  0|TAMS 0x00000006cca00000, 0x00000006cca00000|
| 193|0x00000006ccb00000, 0x00000006ccb00000, 0x00000006ccc00000|  0%| F|  |TS  0|AC  0|TAMS 0x00000006ccb00000, 0x00000006ccb00000|
| 194|0x00000006ccc00000, 0x00000006ccc00000, 0x00000006ccd00000|  0%| F|  |TS  0|AC  0|TAMS 0x00000006ccc00000, 0x00000006ccc00000|
| 195|0x00000006ccd00000, 0x00000006ccd00000, 0x00000006cce00000|  0%| F|  |TS  0|AC  0|TAMS 0x00000006ccd00000, 0x00000006ccd00000|
| 196|0x00000006cce00000, 0x00000006cce00000, 0x00000006ccf00000|  0%| F|  |TS  0|AC  0|TAMS 0x00000006cce00000, 0x00000006cce00000|
| 197|0x00000006ccf00000, 0x00000006ccf00000, 0x00000006cd000000|  0%| F|  |TS  0|AC  0|TAMS 0x00000006ccf00000, 0x00000006ccf00000|
| 198|0x00000006cd000000, 0x00000006cd000000, 0x00000006cd100000|  0%| F|  |TS  0|AC  0|TAMS 0x00000006cd000000, 0x00000006cd000000|
| 199|0x00000006cd100000, 0x00000006cd100000, 0x00000006cd200000|  0%| F|  |TS  0|AC  0|TAMS 0x00000006cd100000, 0x00000006cd100000|
| 200|0x00000006cd200000, 0x00000006cd200000, 0x00000006cd300000|  0%| F|  |TS  0|AC  0|TAMS 0x00000006cd200000, 0x00000006cd200000|
| 201|0x00000006cd300000, 0x00000006cd300000, 0x00000006cd400000|  0%| F|  |TS  0|AC  0|TAMS 0x00000006cd300000, 0x00000006cd300000|
| 202|0x00000006cd400000, 0x00000006cd400000, 0x00000006cd500000|  0%| F|  |TS  0|AC  0|TAMS 0x00000006cd400000, 0x00000006cd400000|
| 203|0x00000006cd500000, 0x00000006cd500000, 0x00000006cd600000|  0%| F|  |TS  0|AC  0|TAMS 0x00000006cd500000, 0x00000006cd500000|
| 204|0x00000006cd600000, 0x00000006cd600000, 0x00000006cd700000|  0%| F|  |TS  0|AC  0|TAMS 0x00000006cd600000, 0x00000006cd600000|
| 205|0x00000006cd700000, 0x00000006cd700000, 0x00000006cd800000|  0%| F|  |TS  0|AC  0|TAMS 0x00000006cd700000, 0x00000006cd700000|
| 206|0x00000006cd800000, 0x00000006cd800000, 0x00000006cd900000|  0%| F|  |TS  0|AC  0|TAMS 0x00000006cd800000, 0x00000006cd800000|
| 207|0x00000006cd900000, 0x00000006cd900000, 0x00000006cda00000|  0%| F|  |TS  0|AC  0|TAMS 0x00000006cd900000, 0x00000006cd900000|
| 208|0x00000006cda00000, 0x00000006cda00000, 0x00000006cdb00000|  0%| F|  |TS  0|AC  0|TAMS 0x00000006cda00000, 0x00000006cda00000|
| 209|0x00000006cdb00000, 0x00000006cdb00000, 0x00000006cdc00000|  0%| F|  |TS  0|AC  0|TAMS 0x00000006cdb00000, 0x00000006cdb00000|
| 210|0x00000006cdc00000, 0x00000006cdc00000, 0x00000006cdd00000|  0%| F|  |TS  0|AC  0|TAMS 0x00000006cdc00000, 0x00000006cdc00000|
| 211|0x00000006cdd00000, 0x00000006cdd00000, 0x00000006cde00000|  0%| F|  |TS  0|AC  0|TAMS 0x00000006cdd00000, 0x00000006cdd00000|
| 212|0x00000006cde00000, 0x00000006cde00000, 0x00000006cdf00000|  0%| F|  |TS  0|AC  0|TAMS 0x00000006cde00000, 0x00000006cde00000|
| 213|0x00000006cdf00000, 0x00000006cdf00000, 0x00000006ce000000|  0%| F|  |TS  0|AC  0|TAMS 0x00000006cdf00000, 0x00000006cdf00000|
| 214|0x00000006ce000000, 0x00000006ce000000, 0x00000006ce100000|  0%| F|  |TS  0|AC  0|TAMS 0x00000006ce000000, 0x00000006ce000000|
| 215|0x00000006ce100000, 0x00000006ce100000, 0x00000006ce200000|  0%| F|  |TS  0|AC  0|TAMS 0x00000006ce100000, 0x00000006ce100000|
| 216|0x00000006ce200000, 0x00000006ce200000, 0x00000006ce300000|  0%| F|  |TS  0|AC  0|TAMS 0x00000006ce200000, 0x00000006ce200000|
| 217|0x00000006ce300000, 0x00000006ce300000, 0x00000006ce400000|  0%| F|  |TS  0|AC  0|TAMS 0x00000006ce300000, 0x00000006ce300000|
| 218|0x00000006ce400000, 0x00000006ce400000, 0x00000006ce500000|  0%| F|  |TS  0|AC  0|TAMS 0x00000006ce400000, 0x00000006ce400000|
| 219|0x00000006ce500000, 0x00000006ce500000, 0x00000006ce600000|  0%| F|  |TS  0|AC  0|TAMS 0x00000006ce500000, 0x00000006ce500000|
| 220|0x00000006ce600000, 0x00000006ce600000, 0x00000006ce700000|  0%| F|  |TS  0|AC  0|TAMS 0x00000006ce600000, 0x00000006ce600000|
| 221|0x00000006ce700000, 0x00000006ce700000, 0x00000006ce800000|  0%| F|  |TS  0|AC  0|TAMS 0x00000006ce700000, 0x00000006ce700000|
| 222|0x00000006ce800000, 0x00000006ce800000, 0x00000006ce900000|  0%| F|  |TS  0|AC  0|TAMS 0x00000006ce800000, 0x00000006ce800000|
| 223|0x00000006ce900000, 0x00000006ce900000, 0x00000006cea00000|  0%| F|  |TS  0|AC  0|TAMS 0x00000006ce900000, 0x00000006ce900000|
| 224|0x00000006cea00000, 0x00000006cea00000, 0x00000006ceb00000|  0%| F|  |TS  0|AC  0|TAMS 0x00000006cea00000, 0x00000006cea00000|
| 225|0x00000006ceb00000, 0x00000006ceb00000, 0x00000006cec00000|  0%| F|  |TS  0|AC  0|TAMS 0x00000006ceb00000, 0x00000006ceb00000|
| 226|0x00000006cec00000, 0x00000006cec00000, 0x00000006ced00000|  0%| F|  |TS  0|AC  0|TAMS 0x00000006cec00000, 0x00000006cec00000|
| 227|0x00000006ced00000, 0x00000006ced00000, 0x00000006cee00000|  0%| F|  |TS  0|AC  0|TAMS 0x00000006ced00000, 0x00000006ced00000|
| 228|0x00000006cee00000, 0x00000006cee00000, 0x00000006cef00000|  0%| F|  |TS  0|AC  0|TAMS 0x00000006cee00000, 0x00000006cee00000|
| 229|0x00000006cef00000, 0x00000006cf000000, 0x00000006cf000000|100%| S|CS|TS  1|AC  0|TAMS 0x00000006cef00000, 0x00000006cef00000|
| 230|0x00000006cf000000, 0x00000006cf100000, 0x00000006cf100000|100%| S|CS|TS  1|AC  0|TAMS 0x00000006cf000000, 0x00000006cf000000|
| 231|0x00000006cf100000, 0x00000006cf200000, 0x00000006cf200000|100%| S|CS|TS  1|AC  0|TAMS 0x00000006cf100000, 0x00000006cf100000|
| 232|0x00000006cf200000, 0x00000006cf200000, 0x00000006cf300000|  0%| F|  |TS  1|AC  0|TAMS 0x00000006cf200000, 0x00000006cf200000|
| 233|0x00000006cf300000, 0x00000006cf300000, 0x00000006cf400000|  0%| F|  |TS  1|AC  0|TAMS 0x00000006cf300000, 0x00000006cf300000|
| 234|0x00000006cf400000, 0x00000006cf400000, 0x00000006cf500000|  0%| F|  |TS  1|AC  0|TAMS 0x00000006cf400000, 0x00000006cf400000|
| 235|0x00000006cf500000, 0x00000006cf500000, 0x00000006cf600000|  0%| F|  |TS  1|AC  0|TAMS 0x00000006cf500000, 0x00000006cf500000|
| 236|0x00000006cf600000, 0x00000006cf600000, 0x00000006cf700000|  0%| F|  |TS  1|AC  0|TAMS 0x00000006cf600000, 0x00000006cf600000|
| 237|0x00000006cf700000, 0x00000006cf700000, 0x00000006cf800000|  0%| F|  |TS  1|AC  0|TAMS 0x00000006cf700000, 0x00000006cf700000|
| 238|0x00000006cf800000, 0x00000006cf800000, 0x00000006cf900000|  0%| F|  |TS  1|AC  0|TAMS 0x00000006cf800000, 0x00000006cf800000|
| 239|0x00000006cf900000, 0x00000006cf980800, 0x00000006cfa00000| 50%| E|  |TS  1|AC  0|TAMS 0x00000006cf900000, 0x00000006cf900000|
| 240|0x00000006cfa00000, 0x00000006cfb00000, 0x00000006cfb00000|100%| E|CS|TS  1|AC  0|TAMS 0x00000006cfa00000, 0x00000006cfa00000|
| 241|0x00000006cfb00000, 0x00000006cfc00000, 0x00000006cfc00000|100%| E|CS|TS  1|AC  0|TAMS 0x00000006cfb00000, 0x00000006cfb00000|
| 242|0x00000006cfc00000, 0x00000006cfd00000, 0x00000006cfd00000|100%| E|CS|TS  1|AC  0|TAMS 0x00000006cfc00000, 0x00000006cfc00000|
| 243|0x00000006cfd00000, 0x00000006cfe00000, 0x00000006cfe00000|100%| E|CS|TS  1|AC  0|TAMS 0x00000006cfd00000, 0x00000006cfd00000|
| 244|0x00000006cfe00000, 0x00000006cff00000, 0x00000006cff00000|100%| E|CS|TS  1|AC  0|TAMS 0x00000006cfe00000, 0x00000006cfe00000|
| 245|0x00000006cff00000, 0x00000006d0000000, 0x00000006d0000000|100%| E|CS|TS  1|AC  0|TAMS 0x00000006cff00000, 0x00000006cff00000|
| 246|0x00000006d0000000, 0x00000006d0100000, 0x00000006d0100000|100%| E|CS|TS  1|AC  0|TAMS 0x00000006d0000000, 0x00000006d0000000|
| 247|0x00000006d0100000, 0x00000006d0200000, 0x00000006d0200000|100%| E|CS|TS  1|AC  0|TAMS 0x00000006d0100000, 0x00000006d0100000|
| 248|0x00000006d0200000, 0x00000006d0300000, 0x00000006d0300000|100%| E|CS|TS  1|AC  0|TAMS 0x00000006d0200000, 0x00000006d0200000|
| 249|0x00000006d0300000, 0x00000006d0400000, 0x00000006d0400000|100%| E|CS|TS  1|AC  0|TAMS 0x00000006d0300000, 0x00000006d0300000|
| 250|0x00000006d0400000, 0x00000006d0500000, 0x00000006d0500000|100%| E|CS|TS  1|AC  0|TAMS 0x00000006d0400000, 0x00000006d0400000|
| 251|0x00000006d0500000, 0x00000006d0600000, 0x00000006d0600000|100%| E|CS|TS  1|AC  0|TAMS 0x00000006d0500000, 0x00000006d0500000|
| 252|0x00000006d0600000, 0x00000006d0700000, 0x00000006d0700000|100%| E|CS|TS  1|AC  0|TAMS 0x00000006d0600000, 0x00000006d0600000|
| 253|0x00000006d0700000, 0x00000006d0800000, 0x00000006d0800000|100%| E|CS|TS  1|AC  0|TAMS 0x00000006d0700000, 0x00000006d0700000|
| 254|0x00000006d0800000, 0x00000006d0900000, 0x00000006d0900000|100%| E|CS|TS  1|AC  0|TAMS 0x00000006d0800000, 0x00000006d0800000|
| 255|0x00000006d0900000, 0x00000006d0a00000, 0x00000006d0a00000|100%| E|CS|TS  1|AC  0|TAMS 0x00000006d0900000, 0x00000006d0900000|

Card table byte_map: [0x000001e9e1a40000,0x000001e9e2240000] byte_map_base: 0x000001e9de43b000

Marking Bits (Prev, Next): (CMBitMap*) 0x000001e9c51cf050, (CMBitMap*) 0x000001e9c51cf088
 Prev Bits: [0x000001e9e2a40000, 0x000001e9e6a18000)
 Next Bits: [0x000001e9e6a20000, 0x000001e9ea9f8000)

Polling page: 0x000001e9c5060000

CodeHeap 'non-profiled nmethods': size=120000Kb used=362Kb max_used=362Kb free=119637Kb
 bounds [0x000001e9d8ba0000, 0x000001e9d8e10000, 0x000001e9e00d0000]
CodeHeap 'profiled nmethods': size=120000Kb used=2117Kb max_used=2117Kb free=117882Kb
 bounds [0x000001e9d1670000, 0x000001e9d18e0000, 0x000001e9d8ba0000]
CodeHeap 'non-nmethods': size=5760Kb used=1596Kb max_used=1607Kb free=4163Kb
 bounds [0x000001e9d10d0000, 0x000001e9d1340000, 0x000001e9d1670000]
 total_blobs=2275 nmethods=1062 adapters=882
 compilation: enabled

Compilation events (10 events):
Event: 0.863 Thread 0x000001e9edf11800 1058       3       java.lang.String::checkIndex (46 bytes)
Event: 0.863 Thread 0x000001e9edf11800 nmethod 1058 0x000001e9d187f290 code [0x000001e9d187f520, 0x000001e9d18801e0]
Event: 0.863 Thread 0x000001e9edf11800 1059       3       java.util.concurrent.ConcurrentHashMap$Node::<init> (14 bytes)
Event: 0.864 Thread 0x000001e9edf11800 nmethod 1059 0x000001e9d1880590 code [0x000001e9d1880760, 0x000001e9d1880ab8]
Event: 0.864 Thread 0x000001e9edf11800 1060       3       jdk.internal.loader.URLClassPath$JarLoader::findResource (18 bytes)
Event: 0.864 Thread 0x000001e9edf11800 nmethod 1060 0x000001e9d1880b90 code [0x000001e9d1880d60, 0x000001e9d1881020]
Event: 0.884 Thread 0x000001e9edf11800 1062       3       java.util.ArrayDeque::add (7 bytes)
Event: 0.885 Thread 0x000001e9edf11800 nmethod 1062 0x000001e9d1881110 code [0x000001e9d18812c0, 0x000001e9d1881470]
Event: 0.888 Thread 0x000001e9edf0d000 1063       4       java.lang.String::startsWith (138 bytes)
Event: 0.890 Thread 0x000001e9edf0d000 nmethod 1063 0x000001e9d8bfa510 code [0x000001e9d8bfa6a0, 0x000001e9d8bfa898]

GC Heap History (2 events):
Event: 0.722 GC heap before
{Heap before GC invocations=0 (full 0):
 garbage-first heap   total 262144K, used 24576K [0x00000006c0a00000, 0x00000006c0b00800, 0x00000007c0000000)
  region size 1024K, 24 young (24576K), 0 survivors (0K)
 Metaspace       used 9922K, capacity 10055K, committed 10368K, reserved 1058816K
  class space    used 757K, capacity 798K, committed 896K, reserved 1048576K
}
Event: 0.725 GC heap after
{Heap after GC invocations=1 (full 0):
 garbage-first heap   total 262144K, used 3175K [0x00000006c0a00000, 0x00000006c0b00800, 0x00000007c0000000)
  region size 1024K, 3 young (3072K), 3 survivors (3072K)
 Metaspace       used 9922K, capacity 10055K, committed 10368K, reserved 1058816K
  class space    used 757K, capacity 798K, committed 896K, reserved 1048576K
}

Deoptimization events (10 events):
Event: 0.226 Thread 0x000001e9ee6f3000 Uncommon trap: reason=bimorphic_or_optimized_type_check action=maybe_recompile pc=0x000001e9d8bc0d10 method=java.util.HashMap.getNode(ILjava/lang/Object;)Ljava/util/HashMap$Node; @ 126 c2
Event: 0.231 Thread 0x000001e9ee6f3000 Uncommon trap: reason=bimorphic_or_optimized_type_check action=maybe_recompile pc=0x000001e9d8bc0cfc method=java.util.HashMap.getNode(ILjava/lang/Object;)Ljava/util/HashMap$Node; @ 59 c2
Event: 0.257 Thread 0x000001e9ee6f3000 Uncommon trap: reason=unstable_if action=reinterpret pc=0x000001e9d8bced9c method=java.lang.String.startsWith(Ljava/lang/String;I)Z @ 14 c2
Event: 0.258 Thread 0x000001e9ee6f3000 Uncommon trap: reason=bimorphic_or_optimized_type_check action=maybe_recompile pc=0x000001e9d8bc0cfc method=java.util.HashMap.getNode(ILjava/lang/Object;)Ljava/util/HashMap$Node; @ 59 c2
Event: 0.263 Thread 0x000001e9ee6f3000 Uncommon trap: reason=bimorphic_or_optimized_type_check action=maybe_recompile pc=0x000001e9d8bc0cfc method=java.util.HashMap.getNode(ILjava/lang/Object;)Ljava/util/HashMap$Node; @ 59 c2
Event: 0.825 Thread 0x000001e9ee6f3000 Uncommon trap: reason=unstable_if action=reinterpret pc=0x000001e9d8bcd024 method=java.lang.AbstractStringBuilder.putStringAt(ILjava/lang/String;)V @ 8 c2
Event: 0.825 Thread 0x000001e9ee6f3000 Uncommon trap: reason=unstable_if action=reinterpret pc=0x000001e9d8bbe2ac method=java.lang.AbstractStringBuilder.putStringAt(ILjava/lang/String;)V @ 8 c2
Event: 0.825 Thread 0x000001e9ee6f3000 Uncommon trap: reason=unstable_if action=reinterpret pc=0x000001e9d8bbce64 method=java.lang.String.getBytes([BIB)V @ 5 c2
Event: 0.825 Thread 0x000001e9ee6f3000 Uncommon trap: reason=unstable_if action=reinterpret pc=0x000001e9d8bc60c4 method=java.lang.AbstractStringBuilder.isLatin1()Z @ 10 c2
Event: 0.825 Thread 0x000001e9ee6f3000 Uncommon trap: reason=unstable_if action=reinterpret pc=0x000001e9d8bd39fc method=java.nio.Buffer.hasRemaining()Z @ 8 c2

Classes redefined (0 events):
No events

Internal exceptions (10 events):
Event: 0.639 Thread 0x000001e9ee6f3000 Exception <a 'java/lang/NoSuchMethodError'{0x00000006cf7e1d38}: method resolution failed> (0x00000006cf7e1d38) thrown at [t:/workspace/hotspot/src/share/vm/prims/methodHandles.cpp, line 1256]
Event: 0.641 Thread 0x000001e9ee6f3000 Exception <a 'java/lang/NoSuchMethodError'{0x00000006cf7f8d90}: method resolution failed> (0x00000006cf7f8d90) thrown at [t:/workspace/hotspot/src/share/vm/prims/methodHandles.cpp, line 1256]
Event: 0.664 Thread 0x000001e9ee6f3000 Exception <a 'sun/nio/fs/WindowsException'{0x00000006cf6fba88}> (0x00000006cf6fba88) thrown at [t:/workspace/hotspot/src/share/vm/prims/jni.cpp, line 604]
Event: 0.664 Thread 0x000001e9ee6f3000 Exception <a 'sun/nio/fs/WindowsException'{0x00000006cf6fd2b0}> (0x00000006cf6fd2b0) thrown at [t:/workspace/hotspot/src/share/vm/prims/jni.cpp, line 604]
Event: 0.802 Thread 0x000001e9ee6f3000 Exception <a 'java/lang/NoSuchMethodError'{0x00000006cff1c1c0}: java.lang.invoke.DirectMethodHandle$Holder.invokeInterface(Ljava/lang/Object;Ljava/lang/Object;Ljava/lang/Object;)I> (0x00000006cff1c1c0) thrown at [t:/workspace/hotspot/src/share/vm/interpre
Event: 0.809 Thread 0x000001e9ee6f3000 Exception <a 'java/lang/NoSuchMethodError'{0x00000006cff494f8}: method resolution failed> (0x00000006cff494f8) thrown at [t:/workspace/hotspot/src/share/vm/prims/methodHandles.cpp, line 1256]
Event: 0.810 Thread 0x000001e9ee6f3000 Exception <a 'java/lang/NoSuchMethodError'{0x00000006cff5d930}: method resolution failed> (0x00000006cff5d930) thrown at [t:/workspace/hotspot/src/share/vm/prims/methodHandles.cpp, line 1256]
Event: 0.811 Thread 0x000001e9ee6f3000 Exception <a 'java/lang/NoSuchMethodError'{0x00000006cff72288}: method resolution failed> (0x00000006cff72288) thrown at [t:/workspace/hotspot/src/share/vm/prims/methodHandles.cpp, line 1256]
Event: 0.815 Thread 0x000001e9ee6f3000 Exception <a 'java/lang/NoSuchMethodError'{0x00000006cffa5ee8}: java.lang.Object.lambda$negate$3(I)Z> (0x00000006cffa5ee8) thrown at [t:/workspace/hotspot/src/share/vm/interpreter/linkResolver.cpp, line 731]
Event: 0.815 Thread 0x000001e9ee6f3000 Exception <a 'java/lang/NoSuchMethodError'{0x00000006cffa8950}: java.lang.Object.lambda$and$0(Ljava/util/regex/Pattern$CharPredicate;I)Z> (0x00000006cffa8950) thrown at [t:/workspace/hotspot/src/share/vm/interpreter/linkResolver.cpp, line 731]

Events (10 events):
Event: 0.888 loading class org/joml/Vector2i
Event: 0.888 loading class org/joml/Vector2i done
Event: 0.888 loading class org/joml/Vector2ic
Event: 0.888 loading class org/joml/Vector2ic done
Event: 0.889 loading class org/joml/Quaternionf
Event: 0.889 loading class org/joml/Quaternionf done
Event: 0.890 loading class org/joml/Quaternionfc
Event: 0.890 loading class org/joml/Quaternionfc done
Event: 0.893 loading class org/joml/Math
Event: 0.893 loading class org/joml/Math done


Dynamic libraries:
0x00007ff66a090000 - 0x00007ff66a0ce000 	C:\Program Files\Java\jdk-9.0.4\bin\java.exe
0x00007fff24e50000 - 0x00007fff25031000 	C:\WINDOWS\SYSTEM32\ntdll.dll
0x00007fff24870000 - 0x00007fff24922000 	C:\WINDOWS\System32\KERNEL32.DLL
0x00007fff212d0000 - 0x00007fff21543000 	C:\WINDOWS\System32\KERNELBASE.dll
0x00007fff24070000 - 0x00007fff24111000 	C:\WINDOWS\System32\ADVAPI32.dll
0x00007fff24250000 - 0x00007fff242ee000 	C:\WINDOWS\System32\msvcrt.dll
0x00007fff246b0000 - 0x00007fff2470b000 	C:\WINDOWS\System32\sechost.dll
0x00007fff249a0000 - 0x00007fff24ac4000 	C:\WINDOWS\System32\RPCRT4.dll
0x00007fff24b50000 - 0x00007fff24ce0000 	C:\WINDOWS\System32\USER32.dll
0x00007fff21990000 - 0x00007fff219b0000 	C:\WINDOWS\System32\win32u.dll
0x00007fff241c0000 - 0x00007fff241e8000 	C:\WINDOWS\System32\GDI32.dll
0x00007fff22140000 - 0x00007fff222d2000 	C:\WINDOWS\System32\gdi32full.dll
0x00007fff21550000 - 0x00007fff215ef000 	C:\WINDOWS\System32\msvcp_win.dll
0x00007fff217e0000 - 0x00007fff218da000 	C:\WINDOWS\System32\ucrtbase.dll
0x00007fff09000000 - 0x00007fff09269000 	C:\WINDOWS\WinSxS\amd64_microsoft.windows.common-controls_6595b64144ccf1df_6.0.17134.48_none_b4b2216a3cb4dd3e\COMCTL32.dll
0x00007fff24380000 - 0x00007fff246a3000 	C:\WINDOWS\System32\combase.dll
0x00007fff1cdf0000 - 0x00007fff1cdfa000 	C:\WINDOWS\SYSTEM32\VERSION.dll
0x00007fff219b0000 - 0x00007fff21a2a000 	C:\WINDOWS\System32\bcryptPrimitives.dll
0x00007fff242f0000 - 0x00007fff2431d000 	C:\WINDOWS\System32\IMM32.DLL
0x00007ffef1b40000 - 0x00007ffef1c2f000 	C:\Program Files\Java\jdk-9.0.4\bin\msvcr120.dll
0x00007ffef1320000 - 0x00007ffef13c6000 	C:\Program Files\Java\jdk-9.0.4\bin\msvcp120.dll
0x00000000662f0000 - 0x0000000066d15000 	C:\Program Files\Java\jdk-9.0.4\bin\server\jvm.dll
0x00007fff24e10000 - 0x00007fff24e18000 	C:\WINDOWS\System32\PSAPI.DLL
0x00007fff0f810000 - 0x00007fff0f819000 	C:\WINDOWS\SYSTEM32\WSOCK32.dll
0x00007fff1f3f0000 - 0x00007fff1f413000 	C:\WINDOWS\SYSTEM32\WINMM.dll
0x00007fff24930000 - 0x00007fff2499c000 	C:\WINDOWS\System32\WS2_32.dll
0x00007fff1f380000 - 0x00007fff1f3aa000 	C:\WINDOWS\SYSTEM32\WINMMBASE.dll
0x00007fff218e0000 - 0x00007fff21929000 	C:\WINDOWS\System32\cfgmgr32.dll
0x00007fff1f4b0000 - 0x00007fff1f4bf000 	C:\Program Files\Java\jdk-9.0.4\bin\verify.dll
0x00007ffeffb10000 - 0x00007ffeffb37000 	C:\Program Files\Java\jdk-9.0.4\bin\java.dll
0x00007ffeffae0000 - 0x00007ffeffb0a000 	C:\Program Files\Java\jdk-9.0.4\bin\instrument.dll
0x00007ffeffac0000 - 0x00007ffeffad6000 	C:\Program Files\Java\jdk-9.0.4\bin\zip.dll
0x00007fff0c880000 - 0x00007fff0c88a000 	C:\Program Files\Java\jdk-9.0.4\bin\jimage.dll
0x00007fff222e0000 - 0x00007fff23720000 	C:\WINDOWS\System32\SHELL32.dll
0x00007fff23e40000 - 0x00007fff23ee9000 	C:\WINDOWS\System32\shcore.dll
0x00007fff21a30000 - 0x00007fff2213d000 	C:\WINDOWS\System32\windows.storage.dll
0x00007fff241f0000 - 0x00007fff24241000 	C:\WINDOWS\System32\shlwapi.dll
0x00007fff21200000 - 0x00007fff21211000 	C:\WINDOWS\System32\kernel.appcore.dll
0x00007fff211d0000 - 0x00007fff211ef000 	C:\WINDOWS\System32\profapi.dll
0x00007fff21180000 - 0x00007fff211cc000 	C:\WINDOWS\System32\powrprof.dll
0x00007fff211f0000 - 0x00007fff211fa000 	C:\WINDOWS\System32\FLTLIB.DLL
0x00007ffef9c90000 - 0x00007ffef9caa000 	C:\Program Files\Java\jdk-9.0.4\bin\net.dll
0x00007fff1c980000 - 0x00007fff1ca5d000 	C:\WINDOWS\SYSTEM32\WINHTTP.dll
0x00007fff209e0000 - 0x00007fff20a46000 	C:\WINDOWS\system32\mswsock.dll
0x00007ffef4f60000 - 0x00007ffef4f71000 	C:\Program Files\Java\jdk-9.0.4\bin\nio.dll
0x00007ffef4f40000 - 0x00007ffef4f5a000 	C:\Program Files\JetBrains\IntelliJ IDEA Community Edition 2017.3.4\bin\breakgen64.dll
0x00007ffef2e00000 - 0x00007ffef2e5b000 	C:\Users\danielK\AppData\Local\Temp\lwjgldanielK\3.1.6-build-14\lwjgl.dll
0x00007ffef2680000 - 0x00007ffef26d1000 	C:\Users\danielK\AppData\Local\Temp\lwjgldanielK\3.1.6-build-14\glfw.dll
0x00007fff1f610000 - 0x00007fff1f6a8000 	C:\WINDOWS\system32\uxtheme.dll
0x00007ffef16e0000 - 0x00007ffef1723000 	C:\WINDOWS\SYSTEM32\dinput8.dll
0x00007fff1d140000 - 0x00007fff1d150000 	C:\WINDOWS\SYSTEM32\xinput1_4.dll
0x00007fff20f70000 - 0x00007fff20f97000 	C:\WINDOWS\SYSTEM32\DEVOBJ.dll
0x00007fff1f8f0000 - 0x00007fff1f919000 	C:\WINDOWS\SYSTEM32\dwmapi.dll
0x00007fff1a630000 - 0x00007fff1a6a9000 	C:\WINDOWS\SYSTEM32\inputhost.dll
0x00007fff1f040000 - 0x00007fff1f11a000 	C:\WINDOWS\SYSTEM32\CoreMessaging.dll
0x00007fff1ce80000 - 0x00007fff1cfcd000 	C:\WINDOWS\SYSTEM32\wintypes.dll
0x00007fff0c1b0000 - 0x00007fff0c4ce000 	C:\WINDOWS\SYSTEM32\CoreUIComponents.dll
0x00007fff20250000 - 0x00007fff20281000 	C:\WINDOWS\SYSTEM32\ntmarta.dll
0x00007fff23ef0000 - 0x00007fff24065000 	C:\WINDOWS\System32\MSCTF.dll
0x00007fff24d40000 - 0x00007fff24e02000 	C:\WINDOWS\System32\OLEAUT32.dll
0x00007fff1fe90000 - 0x00007fff1fe9c000 	C:\WINDOWS\SYSTEM32\HID.DLL
0x00007fff23720000 - 0x00007fff23b6b000 	C:\WINDOWS\System32\SETUPAPI.DLL
0x00007fff21930000 - 0x00007fff21987000 	C:\WINDOWS\System32\WINTRUST.dll
0x00007fff21160000 - 0x00007fff21172000 	C:\WINDOWS\System32\MSASN1.dll
0x00007fff215f0000 - 0x00007fff217d2000 	C:\WINDOWS\System32\CRYPT32.dll
0x00007ffeedf10000 - 0x00007ffeee030000 	C:\WINDOWS\SYSTEM32\opengl32.dll
0x00007ffef4f80000 - 0x00007ffef4fac000 	C:\WINDOWS\SYSTEM32\GLU32.dll
0x0000000063c60000 - 0x00000000662e4000 	C:\WINDOWS\System32\DriverStore\FileRepository\nv_dispi.inf_amd64_f32bf428bbff8aa5\nvoglv64.dll
0x00007fff24710000 - 0x00007fff24861000 	C:\WINDOWS\System32\ole32.dll
0x00007fff1d990000 - 0x00007fff1d9a3000 	C:\WINDOWS\SYSTEM32\WTSAPI32.dll
0x00007ffee56b0000 - 0x00007ffee591a000 	C:\WINDOWS\system32\nvspcap64.dll
0x00007fff202c0000 - 0x00007fff20316000 	C:\WINDOWS\SYSTEM32\WINSTA.dll
0x00007fff1a720000 - 0x00007fff1a7b8000 	C:\WINDOWS\System32\TextInputFramework.dll
0x00007ffef12c0000 - 0x00007ffef131f000 	C:\Users\danielK\AppData\Local\Temp\lwjgldanielK\3.1.6-build-14\lwjgl_opengl.dll
0x00007fff0bea0000 - 0x00007fff0bea3000 	C:\Users\danielK\AppData\Local\Temp\jomldanielK\a2476102\joml.dll
0x00007fff140d0000 - 0x00007fff14299000 	C:\WINDOWS\SYSTEM32\dbghelp.dll

VM Arguments:
jvm_args: -javaagent:C:\Program Files\JetBrains\IntelliJ IDEA Community Edition 2017.3.4\lib\idea_rt.jar=61955:C:\Program Files\JetBrains\IntelliJ IDEA Community Edition 2017.3.4\bin -Dfile.encoding=UTF-8 
java_command: org.lwjglb.game.Main
java_class_path (initial): C:\Users\danielK\Documents\MyColladaLoader\out\production\MyColladaLoader;C:\Users\danielK\Documents\LWJGL3_Clean\lwjgl-release-3.1.6-custom\lwjgl-assimp-natives-windows.jar;C:\Users\danielK\Documents\LWJGL3_Clean\lwjgl-release-3.1.6-custom\lwjgl-assimp.jar;C:\Users\danielK\Documents\LWJGL3_Clean\lwjgl-release-3.1.6-custom\lwjgl-bgfx-natives-windows.jar;C:\Users\danielK\Documents\LWJGL3_Clean\lwjgl-release-3.1.6-custom\lwjgl-bgfx.jar;C:\Users\danielK\Documents\LWJGL3_Clean\lwjgl-release-3.1.6-custom\lwjgl-egl.jar;C:\Users\danielK\Documents\LWJGL3_Clean\lwjgl-release-3.1.6-custom\lwjgl-glfw-natives-windows.jar;C:\Users\danielK\Documents\LWJGL3_Clean\lwjgl-release-3.1.6-custom\lwjgl-glfw.jar;C:\Users\danielK\Documents\LWJGL3_Clean\lwjgl-release-3.1.6-custom\lwjgl-jawt.jar;C:\Users\danielK\Documents\LWJGL3_Clean\lwjgl-release-3.1.6-custom\lwjgl-jemalloc-natives-windows.jar;C:\Users\danielK\Documents\LWJGL3_Clean\lwjgl-release-3.1.6-custom\lwjgl-jemalloc.jar;C:\Users\danielK\Documents\LWJGL3_Clean\lwjgl-release-3.1.6-custom\lwjgl-lmdb-natives-windows.jar;C:\Users\danielK\Documents\LWJGL3_Clean\lwjgl-release-3.1.6-custom\lwjgl-lmdb.jar;C:\Users\danielK\Documents\LWJGL3_Clean\lwjgl-release-3.1.6-custom\lwjgl-lz4-natives-windows.jar;C:\Users\danielK\Documents\LWJGL3_Clean\lwjgl-release-3.1.6-custom\lwjgl-lz4.jar;C:\Users\danielK\Documents\LWJGL3_Clean\lwjgl-release-3.1.6-custom\lwjgl-nanovg-natives-windows.jar;C:\Users\danielK\Documents\LWJGL3_Clean\lwjgl-release-3.1.6-custom\lwjgl-nanovg.jar;C:\Users\danielK\Documents\LWJGL3_Clean\lwjgl-release-3.1.6-custom\lwjgl-natives-windows.jar;C:\Users\danielK\Documents\LWJGL3_Clean\lwjgl-release-3.1.6-custom\lwjgl-nfd-natives-windows.jar;C:\Users\danielK\Documents\LWJGL3_Clean\lwjgl-release-3.1.6-custom\lwjgl-nfd.jar;C:\Users\danielK\Documents\LWJGL3_Clean\lwjgl-release-3.1.6-custom\lwjgl-nuklear-natives-windows.jar;C:\Users\danielK\Documents\LWJGL3_Clean\lwjgl-release-3.1.6-custom\lwjgl-nuklear.jar;C:\
Launcher Type: SUN_STANDARD

Logging:
Log output configuration:
#0: stdout all=warning uptime,level,tags
#1: stderr all=off uptime,level,tags

Environment Variables:
PATH=C:\ProgramData\Oracle\Java\javapath;C:\Windows\system32;C:\Windows;C:\Windows\System32\Wbem;C:\Windows\System32\WindowsPowerShell\v1.0\;C:\Program Files (x86)\NVIDIA Corporation\PhysX\Common;C:\WINDOWS\system32;C:\WINDOWS;C:\WINDOWS\System32\Wbem;C:\WINDOWS\System32\WindowsPowerShell\v1.0\;C:\Program Files\CMake\bin;"C:\Program Files\mingw-w64\x86_64-7.2.0-posix-seh-rt_v5-rev1\mingw64\;bin";C:\Program Files\Git\cmd;C:\WINDOWS\System32\OpenSSH\;C:\Users\danielK\AppData\Local\Programs\Python\Python36-32\Scripts\;C:\Users\danielK\AppData\Local\Programs\Python\Python36-32\;C:\Users\danielK\AppData\Local\Microsoft\WindowsApps;"C:\Program Files\mingw-w64\x86_64-7.2.0-posix-seh-rt_v5-rev1\mingw64\;bin";C:\Program Files\boost_1_66_0;C:\Program Files (x86)\mingw-w64\i686-7.2.0-posix-dwarf-rt_v5-rev1\mingw32\bin;
USERNAME=danielK
OS=Windows_NT
PROCESSOR_IDENTIFIER=Intel64 Family 6 Model 158 Stepping 9, GenuineIntel



---------------  S Y S T E M  ---------------

OS: Windows 10 , 64 bit Build 17134 (10.0.17134.1)

CPU:total 8 (initial active 8) (4 cores per cpu, 2 threads per core) family 6 model 158 stepping 9, cmov, cx8, fxsr, mmx, sse, sse2, sse3, ssse3, sse4.1, sse4.2, popcnt, avx, avx2, aes, clmul, erms, rtm, 3dnowpref, lzcnt, ht, tsc, tscinvbit, bmi1, bmi2, adx, fma

Memory: 4k page, physical 16735156k(10839184k free), swap 19749812k(10694008k free)

vm_info: Java HotSpot(TM) 64-Bit Server VM (9.0.4+11) for windows-amd64 JRE (9.0.4+11), built on Dec 20 2017 02:18:54 by "mach5one" with MS VC++ 12.0 (VS2013)

END.
